<?xml version="1.0" encoding="UTF-8"?>
<robot generator="Robot 7.2.2 (Python 3.12.3 on darwin)" generated="2025-03-18T01:38:14.011692" rpa="false" schemaversion="5">
<suite id="s1" name="Test" source="/Users/bekaron/Desktop/Task/Software Test Automation Homework/PythonProject/robotTests/testCases/test.robot">
<test id="s1-t1" name="Sign Up" line="5">
<kw name="Open Browser To DemoBlaze" owner="resources">
<kw name="Open Browser" owner="SeleniumLibrary">
<msg time="2025-03-18T01:38:14.102197" level="INFO">Opening browser 'chrome' to base url 'https://www.demoblaze.com/'.</msg>
<arg>${TestData.URL}</arg>
<arg>chrome</arg>
<doc>Opens a new browser instance to the optional ``url``.</doc>
<status status="PASS" start="2025-03-18T01:38:14.101939" elapsed="4.586669"/>
</kw>
<kw name="Sleep" owner="BuiltIn">
<msg time="2025-03-18T01:38:20.692927" level="INFO">Slept 2 seconds.</msg>
<arg>2s</arg>
<doc>Pauses the test executed for the given time.</doc>
<status status="PASS" start="2025-03-18T01:38:18.689402" elapsed="2.003845"/>
</kw>
<status status="PASS" start="2025-03-18T01:38:14.101601" elapsed="6.591910"/>
</kw>
<kw name="Click Element" owner="SeleniumLibrary">
<msg time="2025-03-18T01:38:20.699272" level="INFO">Clicking element 'xpath=//a[@id='signin2']'.</msg>
<msg time="2025-03-18T01:38:20.704698" level="WARN">Keyword 'Capture Page Screenshot' could not be run on failure: Message: no such window: target window already closed
from unknown error: web view not found
  (Session info: chrome=134.0.6998.89)
Stacktrace:
0   chromedriver                        0x0000000104ea5804 cxxbridge1$str$ptr + 2785964
1   chromedriver                        0x0000000104e9dddc cxxbridge1$str$ptr + 2754692
2   chromedriver                        0x00000001049f1ea8 cxxbridge1$string$len + 92928
3   chromedriver                        0x00000001049cba78 chromedriver + 129656
4   chromedriver                        0x0000000104a61498 cxxbridge1$string$len + 549104
5   chromedriver                        0x0000000104a7a178 cxxbridge1$string$len + 650704
6   chromedriver                        0x0000000104a2d35c cxxbridge1$string$len + 335796
7   chromedriver                        0x0000000104e6acd4 cxxbridge1$str$ptr + 2545532
8   chromedriver                        0x0000000104e6dfa0 cxxbridge1$str$ptr + 2558536
9   chromedriver                        0x0000000104e4ad04 cxxbridge1$str$ptr + 2414508
10  chromedriver                        0x0000000104e6e800 cxxbridge1$str$ptr + 2560680
11  chromedriver                        0x0000000104e3bba0 cxxbridge1$str$ptr + 2352712
12  chromedriver                        0x0000000104e8e45c cxxbridge1$str$ptr + 2690820
13  chromedriver                        0x0000000104e8e5e4 cxxbridge1$str$ptr + 2691212
14  chromedriver                        0x0000000104e9da50 cxxbridge1$str$ptr + 2753784
15  libsystem_pthread.dylib             0x000000019c9342e4 _pthread_start + 136
16  libsystem_pthread.dylib             0x000000019c92f0fc thread_start + 8
</msg>
<msg time="2025-03-18T01:38:20.705198" level="FAIL">Element with locator 'xpath=//a[@id='signin2']' not found.</msg>
<arg>${Locators.SIGNUP_BUTTON}</arg>
<doc>Click the element identified by ``locator``.</doc>
<status status="FAIL" start="2025-03-18T01:38:20.694036" elapsed="0.015995">Element with locator 'xpath=//a[@id='signin2']' not found.</status>
</kw>
<kw name="Sleep" owner="BuiltIn">
<arg>1s</arg>
<doc>Pauses the test executed for the given time.</doc>
<status status="NOT RUN" start="2025-03-18T01:38:20.710269" elapsed="0.000039"/>
</kw>
<kw name="Input Text" owner="SeleniumLibrary">
<arg>${Locators.SIGNUP_USERNAME}</arg>
<arg>${TestData.USERNAME}</arg>
<doc>Types the given ``text`` into the text field identified by ``locator``.</doc>
<status status="NOT RUN" start="2025-03-18T01:38:20.710474" elapsed="0.000025"/>
</kw>
<kw name="Input Text" owner="SeleniumLibrary">
<arg>${Locators.SIGNUP_PASSWORD}</arg>
<arg>${TestData.PASSWORD}</arg>
<doc>Types the given ``text`` into the text field identified by ``locator``.</doc>
<status status="NOT RUN" start="2025-03-18T01:38:20.710594" elapsed="0.000016"/>
</kw>
<kw name="Sleep" owner="BuiltIn">
<arg>1s</arg>
<doc>Pauses the test executed for the given time.</doc>
<status status="NOT RUN" start="2025-03-18T01:38:20.710676" elapsed="0.000015"/>
</kw>
<kw name="Click Button" owner="SeleniumLibrary">
<arg>${Locators.SIGNUP_CONFIRM_BUTTON}</arg>
<doc>Clicks the button identified by ``locator``.</doc>
<status status="NOT RUN" start="2025-03-18T01:38:20.710749" elapsed="0.000012"/>
</kw>
<kw name="Sleep" owner="BuiltIn">
<arg>3s</arg>
<doc>Pauses the test executed for the given time.</doc>
<status status="NOT RUN" start="2025-03-18T01:38:20.710808" elapsed="0.000012"/>
</kw>
<kw name="Close Browser" owner="SeleniumLibrary">
<doc>Closes the current browser.</doc>
<status status="NOT RUN" start="2025-03-18T01:38:20.710921" elapsed="0.000022"/>
</kw>
<doc>Test register user</doc>
<status status="FAIL" start="2025-03-18T01:38:14.101263" elapsed="6.609831">Element with locator 'xpath=//a[@id='signin2']' not found.</status>
</test>
<test id="s1-t2" name="Log in" line="17">
<kw name="Open Browser To DemoBlaze" owner="resources">
<kw name="Open Browser" owner="SeleniumLibrary">
<msg time="2025-03-18T01:38:20.712226" level="INFO">Opening browser 'chrome' to base url 'https://www.demoblaze.com/'.</msg>
<msg time="2025-03-18T01:38:20.765728" level="WARN">Retrying (Retry(total=2, connect=None, read=None, redirect=None, status=None)) after connection broken by 'NewConnectionError('&lt;urllib3.connection.HTTPConnection object at 0x102645550&gt;: Failed to establish a new connection: [Errno 61] Connection refused')': /session/3c602a615fe12f26b2e9d1616b49d6fc/screenshot</msg>
<msg time="2025-03-18T01:38:20.766387" level="WARN">Retrying (Retry(total=1, connect=None, read=None, redirect=None, status=None)) after connection broken by 'NewConnectionError('&lt;urllib3.connection.HTTPConnection object at 0x102645970&gt;: Failed to establish a new connection: [Errno 61] Connection refused')': /session/3c602a615fe12f26b2e9d1616b49d6fc/screenshot</msg>
<msg time="2025-03-18T01:38:20.767106" level="WARN">Retrying (Retry(total=0, connect=None, read=None, redirect=None, status=None)) after connection broken by 'NewConnectionError('&lt;urllib3.connection.HTTPConnection object at 0x102646c60&gt;: Failed to establish a new connection: [Errno 61] Connection refused')': /session/3c602a615fe12f26b2e9d1616b49d6fc/screenshot</msg>
<msg time="2025-03-18T01:38:20.767706" level="WARN">Keyword 'Capture Page Screenshot' could not be run on failure: HTTPConnectionPool(host='localhost', port=53594): Max retries exceeded with url: /session/3c602a615fe12f26b2e9d1616b49d6fc/screenshot (Caused by NewConnectionError('&lt;urllib3.connection.HTTPConnection object at 0x1026466f0&gt;: Failed to establish a new connection: [Errno 61] Connection refused'))</msg>
<msg time="2025-03-18T01:38:20.767861" level="FAIL">NoSuchDriverException: Message: Unable to obtain driver for chrome; For documentation on this error, please visit: https://www.selenium.dev/documentation/webdriver/troubleshooting/errors/driver_location
</msg>
<arg>${TestData.URL}</arg>
<arg>chrome</arg>
<doc>Opens a new browser instance to the optional ``url``.</doc>
<status status="FAIL" start="2025-03-18T01:38:20.711864" elapsed="0.063921">NoSuchDriverException: Message: Unable to obtain driver for chrome; For documentation on this error, please visit: https://www.selenium.dev/documentation/webdriver/troubleshooting/errors/driver_location
</status>
</kw>
<kw name="Sleep" owner="BuiltIn">
<arg>2s</arg>
<doc>Pauses the test executed for the given time.</doc>
<status status="NOT RUN" start="2025-03-18T01:38:20.776081" elapsed="0.000043"/>
</kw>
<status status="FAIL" start="2025-03-18T01:38:20.711625" elapsed="0.064607">NoSuchDriverException: Message: Unable to obtain driver for chrome; For documentation on this error, please visit: https://www.selenium.dev/documentation/webdriver/troubleshooting/errors/driver_location
</status>
</kw>
<kw name="Click Element" owner="SeleniumLibrary">
<arg>${Locators.LOGIN_BUTTON}</arg>
<doc>Click the element identified by ``locator``.</doc>
<status status="NOT RUN" start="2025-03-18T01:38:20.776340" elapsed="0.000015"/>
</kw>
<kw name="Sleep" owner="BuiltIn">
<arg>1s</arg>
<doc>Pauses the test executed for the given time.</doc>
<status status="NOT RUN" start="2025-03-18T01:38:20.776574" elapsed="0.000012"/>
</kw>
<kw name="Input Text" owner="SeleniumLibrary">
<arg>${Locators.LOGIN_USERNAME}</arg>
<arg>${TestData.USERNAME}</arg>
<doc>Types the given ``text`` into the text field identified by ``locator``.</doc>
<status status="NOT RUN" start="2025-03-18T01:38:20.776637" elapsed="0.000010"/>
</kw>
<kw name="Input Text" owner="SeleniumLibrary">
<arg>${Locators.LOGIN_PASSWORD}</arg>
<arg>${TestData.PASSWORD}</arg>
<doc>Types the given ``text`` into the text field identified by ``locator``.</doc>
<status status="NOT RUN" start="2025-03-18T01:38:20.776690" elapsed="0.000009"/>
</kw>
<kw name="Sleep" owner="BuiltIn">
<arg>1s</arg>
<doc>Pauses the test executed for the given time.</doc>
<status status="NOT RUN" start="2025-03-18T01:38:20.776763" elapsed="0.000099"/>
</kw>
<kw name="Click Button" owner="SeleniumLibrary">
<arg>${Locators.LOGIN_CONFIRM_BUTTON}</arg>
<doc>Clicks the button identified by ``locator``.</doc>
<status status="NOT RUN" start="2025-03-18T01:38:20.776912" elapsed="0.000010"/>
</kw>
<kw name="Sleep" owner="BuiltIn">
<arg>3s</arg>
<doc>Pauses the test executed for the given time.</doc>
<status status="NOT RUN" start="2025-03-18T01:38:20.776979" elapsed="0.000016"/>
</kw>
<kw name="Close Browser" owner="SeleniumLibrary">
<doc>Closes the current browser.</doc>
<status status="NOT RUN" start="2025-03-18T01:38:20.777231" elapsed="0.000097"/>
</kw>
<doc>Test user login</doc>
<status status="FAIL" start="2025-03-18T01:38:20.711255" elapsed="0.066195">NoSuchDriverException: Message: Unable to obtain driver for chrome; For documentation on this error, please visit: https://www.selenium.dev/documentation/webdriver/troubleshooting/errors/driver_location
</status>
</test>
<test id="s1-t3" name="Log out" line="29">
<kw name="Open Browser To DemoBlaze" owner="resources">
<kw name="Open Browser" owner="SeleniumLibrary">
<arg>${TestData.URL}</arg>
<arg>chrome</arg>
<doc>Opens a new browser instance to the optional ``url``.</doc>
<status status="FAIL" start="2025-03-18T01:38:20.777927" elapsed="0.000266">Execution terminated by signal</status>
</kw>
<kw name="Sleep" owner="BuiltIn">
<arg>2s</arg>
<doc>Pauses the test executed for the given time.</doc>
<status status="NOT RUN" start="2025-03-18T01:38:20.778240" elapsed="0.000011"/>
</kw>
<status status="FAIL" start="2025-03-18T01:38:20.777781" elapsed="0.000507">Execution terminated by signal</status>
</kw>
<kw name="Click Element" owner="SeleniumLibrary">
<arg>${Locators.LOGIN_BUTTON}</arg>
<doc>Click the element identified by ``locator``.</doc>
<status status="NOT RUN" start="2025-03-18T01:38:20.778339" elapsed="0.000010"/>
</kw>
<kw name="Sleep" owner="BuiltIn">
<arg>1s</arg>
<doc>Pauses the test executed for the given time.</doc>
<status status="NOT RUN" start="2025-03-18T01:38:20.778391" elapsed="0.000010"/>
</kw>
<kw name="Input Text" owner="SeleniumLibrary">
<arg>${Locators.LOGIN_USERNAME}</arg>
<arg>${TestData.USERNAME}</arg>
<doc>Types the given ``text`` into the text field identified by ``locator``.</doc>
<status status="NOT RUN" start="2025-03-18T01:38:20.778440" elapsed="0.000008"/>
</kw>
<kw name="Input Text" owner="SeleniumLibrary">
<arg>${Locators.LOGIN_PASSWORD}</arg>
<arg>${TestData.PASSWORD}</arg>
<doc>Types the given ``text`` into the text field identified by ``locator``.</doc>
<status status="NOT RUN" start="2025-03-18T01:38:20.778486" elapsed="0.000009"/>
</kw>
<kw name="Sleep" owner="BuiltIn">
<arg>1s</arg>
<doc>Pauses the test executed for the given time.</doc>
<status status="NOT RUN" start="2025-03-18T01:38:20.778532" elapsed="0.000008"/>
</kw>
<kw name="Click Button" owner="SeleniumLibrary">
<arg>${Locators.LOGIN_CONFIRM_BUTTON}</arg>
<doc>Clicks the button identified by ``locator``.</doc>
<status status="NOT RUN" start="2025-03-18T01:38:20.778577" elapsed="0.000008"/>
</kw>
<kw name="Sleep" owner="BuiltIn">
<arg>3s</arg>
<doc>Pauses the test executed for the given time.</doc>
<status status="NOT RUN" start="2025-03-18T01:38:20.778619" elapsed="0.000009"/>
</kw>
<kw name="Click Element" owner="SeleniumLibrary">
<arg>${Locators.LOGOUT_BUTTON}</arg>
<doc>Click the element identified by ``locator``.</doc>
<status status="NOT RUN" start="2025-03-18T01:38:20.778665" elapsed="0.000007"/>
</kw>
<kw name="Sleep" owner="BuiltIn">
<arg>3s</arg>
<doc>Pauses the test executed for the given time.</doc>
<status status="NOT RUN" start="2025-03-18T01:38:20.778713" elapsed="0.000008"/>
</kw>
<kw name="Close Browser" owner="SeleniumLibrary">
<doc>Closes the current browser.</doc>
<status status="NOT RUN" start="2025-03-18T01:38:20.778754" elapsed="0.000008"/>
</kw>
<doc>Test user logout</doc>
<status status="FAIL" start="2025-03-18T01:38:20.777569" elapsed="0.001242">Execution terminated by signal</status>
</test>
<status status="FAIL" start="2025-03-18T01:38:14.012650" elapsed="6.766372"/>
</suite>
<statistics>
<total>
<stat pass="0" fail="3" skip="0">All Tests</stat>
</total>
<tag>
</tag>
<suite>
<stat name="Test" id="s1" pass="0" fail="3" skip="0">Test</stat>
</suite>
</statistics>
<errors>
<msg time="2025-03-18T01:38:20.704698" level="WARN">Keyword 'Capture Page Screenshot' could not be run on failure: Message: no such window: target window already closed
from unknown error: web view not found
  (Session info: chrome=134.0.6998.89)
Stacktrace:
0   chromedriver                        0x0000000104ea5804 cxxbridge1$str$ptr + 2785964
1   chromedriver                        0x0000000104e9dddc cxxbridge1$str$ptr + 2754692
2   chromedriver                        0x00000001049f1ea8 cxxbridge1$string$len + 92928
3   chromedriver                        0x00000001049cba78 chromedriver + 129656
4   chromedriver                        0x0000000104a61498 cxxbridge1$string$len + 549104
5   chromedriver                        0x0000000104a7a178 cxxbridge1$string$len + 650704
6   chromedriver                        0x0000000104a2d35c cxxbridge1$string$len + 335796
7   chromedriver                        0x0000000104e6acd4 cxxbridge1$str$ptr + 2545532
8   chromedriver                        0x0000000104e6dfa0 cxxbridge1$str$ptr + 2558536
9   chromedriver                        0x0000000104e4ad04 cxxbridge1$str$ptr + 2414508
10  chromedriver                        0x0000000104e6e800 cxxbridge1$str$ptr + 2560680
11  chromedriver                        0x0000000104e3bba0 cxxbridge1$str$ptr + 2352712
12  chromedriver                        0x0000000104e8e45c cxxbridge1$str$ptr + 2690820
13  chromedriver                        0x0000000104e8e5e4 cxxbridge1$str$ptr + 2691212
14  chromedriver                        0x0000000104e9da50 cxxbridge1$str$ptr + 2753784
15  libsystem_pthread.dylib             0x000000019c9342e4 _pthread_start + 136
16  libsystem_pthread.dylib             0x000000019c92f0fc thread_start + 8
</msg>
<msg time="2025-03-18T01:38:20.765728" level="WARN">Retrying (Retry(total=2, connect=None, read=None, redirect=None, status=None)) after connection broken by 'NewConnectionError('&lt;urllib3.connection.HTTPConnection object at 0x102645550&gt;: Failed to establish a new connection: [Errno 61] Connection refused')': /session/3c602a615fe12f26b2e9d1616b49d6fc/screenshot</msg>
<msg time="2025-03-18T01:38:20.766387" level="WARN">Retrying (Retry(total=1, connect=None, read=None, redirect=None, status=None)) after connection broken by 'NewConnectionError('&lt;urllib3.connection.HTTPConnection object at 0x102645970&gt;: Failed to establish a new connection: [Errno 61] Connection refused')': /session/3c602a615fe12f26b2e9d1616b49d6fc/screenshot</msg>
<msg time="2025-03-18T01:38:20.767106" level="WARN">Retrying (Retry(total=0, connect=None, read=None, redirect=None, status=None)) after connection broken by 'NewConnectionError('&lt;urllib3.connection.HTTPConnection object at 0x102646c60&gt;: Failed to establish a new connection: [Errno 61] Connection refused')': /session/3c602a615fe12f26b2e9d1616b49d6fc/screenshot</msg>
<msg time="2025-03-18T01:38:20.767706" level="WARN">Keyword 'Capture Page Screenshot' could not be run on failure: HTTPConnectionPool(host='localhost', port=53594): Max retries exceeded with url: /session/3c602a615fe12f26b2e9d1616b49d6fc/screenshot (Caused by NewConnectionError('&lt;urllib3.connection.HTTPConnection object at 0x1026466f0&gt;: Failed to establish a new connection: [Errno 61] Connection refused'))</msg>
</errors>
</robot>
